[debug] [2023-11-09T18:09:25.119Z] ----------------------------------------------------------------------
[debug] [2023-11-09T18:09:25.120Z] Command:       C:\Program Files\nodejs\node.exe C:\Users\Usuario\AppData\Roaming\npm\node_modules\firebase-tools\lib\bin\firebase.js init hosting
[debug] [2023-11-09T18:09:25.121Z] CLI Version:   12.8.1
[debug] [2023-11-09T18:09:25.121Z] Platform:      win32
[debug] [2023-11-09T18:09:25.121Z] Node Version:  v16.17.0
[debug] [2023-11-09T18:09:25.122Z] Time:          Thu Nov 09 2023 15:09:25 GMT-0300 (hora estándar de Argentina)
[debug] [2023-11-09T18:09:25.122Z] ----------------------------------------------------------------------
[debug] 
[debug] [2023-11-09T18:09:25.129Z] > command requires scopes: ["email","openid","https://www.googleapis.com/auth/cloudplatformprojects.readonly","https://www.googleapis.com/auth/firebase","https://www.googleapis.com/auth/cloud-platform"]
[debug] [2023-11-09T18:09:25.130Z] > authorizing via signed-in user (tamarapiccinni@gmail.com)
[info] 
     ######## #### ########  ######## ########     ###     ######  ########
     ##        ##  ##     ## ##       ##     ##  ##   ##  ##       ##
     ######    ##  ########  ######   ########  #########  ######  ######
     ##        ##  ##    ##  ##       ##     ## ##     ##       ## ##
     ##       #### ##     ## ######## ########  ##     ##  ######  ########

You're about to initialize a Firebase project in this directory:

  C:\Users\Usuario\Desktop\Tienda -Scout-Binary-Brains-e-commers

[info] 
=== Project Setup
[info] 
[info] First, let's associate this project directory with a Firebase project.
[info] You can create multiple project aliases by running firebase use --add, 
[info] but for now we'll just set up a default project.
[info] 
[debug] [2023-11-09T18:09:30.188Z] >>> [apiv2][query] GET https://firebase.googleapis.com/v1beta1/projects pageSize=100
[debug] [2023-11-09T18:09:33.611Z] <<< [apiv2][status] GET https://firebase.googleapis.com/v1beta1/projects 200
[debug] [2023-11-09T18:09:33.612Z] <<< [apiv2][body] GET https://firebase.googleapis.com/v1beta1/projects [omitted]
[info] i  Using project ecomercescout (ecomerceScout) 
[info] 
=== Hosting Setup
[info] 
[info] Your public directory is the folder (relative to your project directory) that
[info] will contain Hosting assets to be uploaded with firebase deploy. If you
[info] have a build process for your assets, use your build's output directory.
[info] 
[info] +  Wrote public/404.html 
[debug] [2023-11-09T18:09:49.577Z] >>> [apiv2][query] GET https://www.gstatic.com/firebasejs/releases.json [none]
[debug] [2023-11-09T18:09:50.938Z] <<< [apiv2][status] GET https://www.gstatic.com/firebasejs/releases.json 200
[debug] [2023-11-09T18:09:50.938Z] <<< [apiv2][body] GET https://www.gstatic.com/firebasejs/releases.json {"current":{"version":"10.6.0","browserURL":"https://www.gstatic.com/firebasejs/10.6.0/firebase.js","packageURL":"https://www.gstatic.com/firebasejs/10.6.0/firebase.tgz"},"live":{"version":"10.6","browserURL":"https://www.gstatic.com/firebasejs/live/10.6/firebase.js","packageURL":"https://www.gstatic.com/firebasejs/live/10.6/firebase.tgz"},"components":{"analytics":"https://www.gstatic.com/firebasejs/10.6.0/firebase-analytics.js","app":"https://www.gstatic.com/firebasejs/10.6.0/firebase-app.js","app-check":"https://www.gstatic.com/firebasejs/10.6.0/firebase-app-check.js","auth":"https://www.gstatic.com/firebasejs/10.6.0/firebase-auth.js","auth/cordova":"https://www.gstatic.com/firebasejs/10.6.0/firebase-auth/cordova.js","functions":"https://www.gstatic.com/firebasejs/10.6.0/firebase-functions.js","firestore":"https://www.gstatic.com/firebasejs/10.6.0/firebase-firestore.js","firestore/lite":"https://www.gstatic.com/firebasejs/10.6.0/firebase-firestore/lite.js","installations":"https://www.gstatic.com/firebasejs/10.6.0/firebase-installations.js","storage":"https://www.gstatic.com/firebasejs/10.6.0/firebase-storage.js","performance":"https://www.gstatic.com/firebasejs/10.6.0/firebase-performance.js","remote-config":"https://www.gstatic.com/firebasejs/10.6.0/firebase-remote-config.js","messaging":"https://www.gstatic.com/firebasejs/10.6.0/firebase-messaging.js","messaging/sw":"https://www.gstatic.com/firebasejs/10.6.0/firebase-messaging/sw.js","database":"https://www.gstatic.com/firebasejs/10.6.0/firebase-database.js","firestore.memory":"https://www.gstatic.com/firebasejs/10.6.0/firebase-firestore.memory.js"}}
[info] +  Wrote public/index.html 
[info] 
[info] i  Didn't detect a .git folder. Assuming C:\Users\Usuario\Desktop\Tienda -Scout-Binary-Brains-e-commers is the project root. 
[info] i  Authorizing with GitHub to upload your service account to a GitHub repository's secrets store. 
[info] 
[info] Visit this URL on this device to log in:
[info] https://github.com/login/oauth/authorize?client_id=89cf50f02ac6aaed3484&state=985932431&redirect_uri=http%3A%2F%2Flocalhost%3A9005&scope=read%3Auser%20repo%20public_repo
[info] 
[info] Waiting for authentication...
[debug] [2023-11-09T18:09:52.459Z] >>> [apiv2][query] POST https://github.com/login/oauth/access_token [none]
[debug] [2023-11-09T18:09:52.459Z] >>> [apiv2][body] POST https://github.com/login/oauth/access_token [stream]
[debug] [2023-11-09T18:09:54.567Z] <<< [apiv2][status] POST https://github.com/login/oauth/access_token 200
[debug] [2023-11-09T18:09:54.567Z] <<< [apiv2][body] POST https://github.com/login/oauth/access_token {"access_token":"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","token_type":"bearer","scope":"read:user,repo"}
[debug] [2023-11-09T18:09:54.575Z] >>> [apiv2][query] GET https://api.github.com/user [none]
[debug] [2023-11-09T18:09:55.528Z] <<< [apiv2][status] GET https://api.github.com/user 200
[debug] [2023-11-09T18:09:55.529Z] <<< [apiv2][body] GET https://api.github.com/user {"login":"TamaraPiccinni","id":103544686,"node_id":"U_kgDOBiv3bg","avatar_url":"https://avatars.githubusercontent.com/u/103544686?v=4","gravatar_id":"","url":"https://api.github.com/users/TamaraPiccinni","html_url":"https://github.com/TamaraPiccinni","followers_url":"https://api.github.com/users/TamaraPiccinni/followers","following_url":"https://api.github.com/users/TamaraPiccinni/following{/other_user}","gists_url":"https://api.github.com/users/TamaraPiccinni/gists{/gist_id}","starred_url":"https://api.github.com/users/TamaraPiccinni/starred{/owner}{/repo}","subscriptions_url":"https://api.github.com/users/TamaraPiccinni/subscriptions","organizations_url":"https://api.github.com/users/TamaraPiccinni/orgs","repos_url":"https://api.github.com/users/TamaraPiccinni/repos","events_url":"https://api.github.com/users/TamaraPiccinni/events{/privacy}","received_events_url":"https://api.github.com/users/TamaraPiccinni/received_events","type":"User","site_admin":false,"name":"Tamara Piccinni","company":null,"blog":"","location":"Córdoba Argentina","email":null,"hireable":null,"bio":"I am a student of the University Technicatura in Programming at UTN. ","twitter_username":null,"public_repos":7,"public_gists":0,"followers":53,"following":62,"created_at":"2022-04-13T00:45:07Z","updated_at":"2023-10-26T23:17:37Z","private_gists":1,"total_private_repos":3,"owned_private_repos":3,"disk_usage":104844,"collaborators":7,"two_factor_authentication":false,"plan":{"name":"pro","space":976562499,"collaborators":0,"private_repos":9999}}
[info] 
[info] +  Success! Logged into GitHub as TamaraPiccinni 
[info] 
[debug] [2023-11-09T18:11:08.365Z] >>> [apiv2][query] GET https://api.github.com/repos//actions/secrets/public-key type=owner
[debug] [2023-11-09T18:11:11.670Z] <<< [apiv2][status] GET https://api.github.com/repos//actions/secrets/public-key 404
[debug] [2023-11-09T18:11:11.670Z] <<< [apiv2][body] GET https://api.github.com/repos//actions/secrets/public-key {"message":"Not Found","documentation_url":"https://docs.github.com/rest"}
[info] 
[info] 
[error] !  The provided authorization cannot be used with this repository. If this repository is in an organization, did you remember to grant access? 
[info] 
[info] i  Action required: Visit this URL to ensure access has been granted to the appropriate organization(s) for the Firebase CLI GitHub OAuth App: 
[info] https://github.com/settings/connections/applications/89cf50f02ac6aaed3484
[info] 
[debug] [2023-11-09T18:11:29.406Z] >>> [apiv2][query] GET https://api.github.com/repos/no/actions/secrets/public-key type=owner
[debug] [2023-11-09T18:11:31.972Z] <<< [apiv2][status] GET https://api.github.com/repos/no/actions/secrets/public-key 404
[debug] [2023-11-09T18:11:31.972Z] <<< [apiv2][body] GET https://api.github.com/repos/no/actions/secrets/public-key {"message":"Not Found","documentation_url":"https://docs.github.com/rest"}
[info] 
[info] 
[error] !  The provided authorization cannot be used with this repository. If this repository is in an organization, did you remember to grant access? 
[info] 
[info] i  Action required: Visit this URL to ensure access has been granted to the appropriate organization(s) for the Firebase CLI GitHub OAuth App: 
[info] https://github.com/settings/connections/applications/89cf50f02ac6aaed3484
[info] 
[debug] [2023-11-09T18:13:23.126Z] >>> [apiv2][query] GET https://api.github.com/repos//actions/secrets/public-key type=owner
[debug] [2023-11-09T18:13:27.365Z] <<< [apiv2][status] GET https://api.github.com/repos//actions/secrets/public-key 401
[debug] [2023-11-09T18:13:27.365Z] <<< [apiv2][body] GET https://api.github.com/repos//actions/secrets/public-key {"message":"Bad credentials","documentation_url":"https://docs.github.com/rest"}
